[debug] [2021-01-19T20:28:02.278Z] ----------------------------------------------------------------------
[debug] [2021-01-19T20:28:02.281Z] Command:       C:\Program Files\nodejs\node.exe C:\Users\staszek_gdansk\AppData\Roaming\npm\node_modules\firebase-tools\lib\bin\firebase.js init
[debug] [2021-01-19T20:28:02.281Z] CLI Version:   9.2.1
[debug] [2021-01-19T20:28:02.281Z] Platform:      win32
[debug] [2021-01-19T20:28:02.281Z] Node Version:  v12.18.4
[debug] [2021-01-19T20:28:02.283Z] Time:          Tue Jan 19 2021 21:28:02 GMT+0100 (GMT+01:00)
[debug] [2021-01-19T20:28:02.283Z] ----------------------------------------------------------------------
[debug] [2021-01-19T20:28:02.283Z] 
[debug] [2021-01-19T20:28:02.290Z] > command requires scopes: ["email","openid","https://www.googleapis.com/auth/cloudplatformprojects.readonly","https://www.googleapis.com/auth/firebase","https://www.googleapis.com/auth/cloud-platform"]
[debug] [2021-01-19T20:28:02.291Z] > authorizing via signed-in user
[info] 
     ######## #### ########  ######## ########     ###     ######  ########
     ##        ##  ##     ## ##       ##     ##  ##   ##  ##       ##
     ######    ##  ########  ######   ########  #########  ######  ######
     ##        ##  ##    ##  ##       ##     ## ##     ##       ## ##
     ##       #### ##     ## ######## ########  ##     ##  ######  ########

You're about to initialize a Firebase project in this directory:

  I:\PROJEKTY FRONT-END\lista zakupów\ShoppingListJS

Before we get started, keep in mind:

  * You are initializing in an existing Firebase project directory

